<?xml version="1.0" encoding="utf-8"?><testsuites name="pytest tests"><testsuite name="pytest" errors="0" failures="2" skipped="0" tests="16" time="2.347" timestamp="2026-03-29T00:46:13.368224+00:00" hostname="agent-env-b98dd7eb-3516-46e8-bf97-3ef99356981d"><testcase classname="backend.tests.test_retouchfly.TestAuth" name="test_root" time="0.301" /><testcase classname="backend.tests.test_retouchfly.TestAuth" name="test_register_new_user" time="0.282" /><testcase classname="backend.tests.test_retouchfly.TestAuth" name="test_login_admin" time="0.279" /><testcase classname="backend.tests.test_retouchfly.TestAuth" name="test_login_invalid" time="0.279" /><testcase classname="backend.tests.test_retouchfly.TestAuth" name="test_me_endpoint" time="0.369" /><testcase classname="backend.tests.test_retouchfly.TestAuth" name="test_me_unauthenticated" time="0.055"><failure message="assert 200 == 401&#10; +  where 200 = &lt;Response [200]&gt;.status_code">backend/tests/test_retouchfly.py:76: in test_me_unauthenticated
    assert r.status_code == 401
E   assert 200 == 401
E    +  where 200 = &lt;Response [200]&gt;.status_code</failure></testcase><testcase classname="backend.tests.test_retouchfly.TestTemplates" name="test_get_all_templates" time="0.051" /><testcase classname="backend.tests.test_retouchfly.TestTemplates" name="test_get_templates_by_platform" time="0.212" /><testcase classname="backend.tests.test_retouchfly.TestStats" name="test_get_stats" time="0.054" /><testcase classname="backend.tests.test_retouchfly.TestStats" name="test_stats_unauthenticated" time="0.056"><failure message="assert 200 == 401&#10; +  where 200 = &lt;Response [200]&gt;.status_code">backend/tests/test_retouchfly.py:119: in test_stats_unauthenticated
    assert r.status_code == 401
E   assert 200 == 401
E    +  where 200 = &lt;Response [200]&gt;.status_code</failure></testcase><testcase classname="backend.tests.test_retouchfly.TestScheduler" name="test_create_scheduled_post" time="0.050" /><testcase classname="backend.tests.test_retouchfly.TestScheduler" name="test_get_scheduled_posts" time="0.045" /><testcase classname="backend.tests.test_retouchfly.TestScheduler" name="test_delete_scheduled_post" time="0.052" /><testcase classname="backend.tests.test_retouchfly.TestProjects" name="test_create_project" time="0.053" /><testcase classname="backend.tests.test_retouchfly.TestProjects" name="test_get_projects" time="0.044" /><testcase classname="backend.tests.test_retouchfly.TestProjects" name="test_delete_project" time="0.059" /></testsuite></testsuites>